TN:
SF:arraytest.js
FN:3,(anonymous_0)
FN:5,(anonymous_1)
FN:13,min
FN:14,(anonymous_3)
FN:19,max
FN:20,(anonymous_5)
FNF:6
FNH:6
FNDA:1,(anonymous_0)
FNDA:2,(anonymous_1)
FNDA:1,min
FNDA:1,(anonymous_3)
FNDA:1,max
FNDA:1,(anonymous_5)
DA:3,1
DA:4,1
DA:5,2
DA:10,1
DA:14,1
DA:15,1
DA:17,1
DA:20,1
DA:21,1
DA:23,1
DA:26,1
LF:11
LH:11
BRDA:15,0,0,1
BRDA:15,0,1,0
BRDA:21,1,0,1
BRDA:21,1,1,0
BRF:4
BRH:2
end_of_record
TN:
SF:caesar.js
FN:3,(anonymous_0)
FN:7,(anonymous_1)
FN:10,shiftChar
FNF:3
FNH:3
FNDA:10,(anonymous_0)
FNDA:10,(anonymous_1)
FNDA:10,shiftChar
DA:3,1
DA:4,10
DA:5,10
DA:7,10
DA:11,10
DA:12,10
DA:13,1
DA:15,9
DA:16,9
DA:17,3
DA:18,1
DA:20,3
DA:21,1
DA:24,9
DA:25,6
DA:26,2
DA:28,6
DA:29,1
DA:32,9
DA:35,1
LF:20
LH:20
BRDA:4,0,0,1
BRDA:4,0,1,9
BRDA:12,1,0,1
BRDA:12,1,1,9
BRDA:12,2,0,10
BRDA:12,2,1,9
BRDA:12,2,2,9
BRDA:16,3,0,3
BRDA:16,3,1,6
BRDA:16,4,0,9
BRDA:16,4,1,9
BRDA:17,5,0,1
BRDA:17,5,1,2
BRDA:20,6,0,1
BRDA:20,6,1,2
BRDA:24,7,0,6
BRDA:24,7,1,3
BRDA:24,8,0,9
BRDA:24,8,1,6
BRDA:25,9,0,2
BRDA:25,9,1,4
BRDA:28,10,0,1
BRDA:28,10,1,5
BRF:23
BRH:23
end_of_record
TN:
SF:calc.js
FN:4,(anonymous_0)
FN:7,(anonymous_1)
FN:10,(anonymous_2)
FN:13,(anonymous_3)
FNF:4
FNH:4
FNDA:1,(anonymous_0)
FNDA:1,(anonymous_1)
FNDA:1,(anonymous_2)
FNDA:1,(anonymous_3)
DA:3,1
DA:5,1
DA:8,1
DA:11,1
DA:14,1
DA:18,1
LF:6
LH:6
BRF:0
BRH:0
end_of_record
TN:
SF:func1.js
FN:3,(anonymous_0)
FNF:1
FNH:1
FNDA:1,(anonymous_0)
DA:3,1
DA:4,1
DA:5,1
DA:6,1
DA:7,1
DA:8,4
DA:10,1
DA:13,1
LF:8
LH:8
BRF:0
BRH:0
end_of_record
TN:
SF:func2.js
FN:3,(anonymous_0)
FNF:1
FNH:1
FNDA:1,(anonymous_0)
DA:3,1
DA:4,1
DA:5,1
DA:6,5
DA:8,1
DA:11,1
LF:6
LH:6
BRF:0
BRH:0
end_of_record
